21/12/20 04:47:32 PM Monday - <module> - INFO : Launch app
21/12/20 04:47:34 PM Monday - BasePage - INFO : Screenshot is saved on ../screenshots/app_21_12_20_16_47_32.png
21/12/20 04:51:21 PM Monday - <module> - INFO : Launch app
21/12/20 04:51:22 PM Monday - BasePage - INFO : Screenshot is saved on ../screenshots/app_21_12_20_16_51_21.png
21/12/20 04:52:56 PM Monday - <module> - INFO : Launch app
21/12/20 04:52:57 PM Monday - BasePage - INFO : Screenshot is saved on ../screenshots/app_21_12_20_16_52_56.png
21/12/20 04:53:01 PM Monday - BasePage - INFO : Clicked on element with the locator typeidwith the locator value : com.androidsample.generalstore:id/spinnerCountry
21/12/20 04:53:26 PM Monday - BasePage - INFO : Element not clickable with locator typetextwith the locator valueIndia
21/12/20 04:53:51 PM Monday - BasePage - INFO : Element not clickable with locator typeidwith the locator valuecom.androidsample.generalstore:id/nameField
21/12/20 04:54:17 PM Monday - BasePage - INFO : Element not clickable with locator typeidwith the locator valuecom.androidsample.generalstore:id/radioFemale
21/12/20 04:54:43 PM Monday - BasePage - INFO : Element not clickable with locator typeidwith the locator valuecom.androidsample.generalstore:id/btnLetsShop
21/12/20 05:00:38 PM Monday - <module> - INFO : Launch app
21/12/20 05:00:39 PM Monday - BasePage - INFO : Screenshot is saved on ../screenshots/app_21_12_20_17_00_38.png
21/12/20 05:00:43 PM Monday - BasePage - INFO : Clicked on element with the locator typeidwith the locator value : com.androidsample.generalstore:id/nameField
21/12/20 05:00:44 PM Monday - BasePage - INFO : Clicked on element with the locator typeidwith the locator value : com.androidsample.generalstore:id/radioFemale
21/12/20 05:00:44 PM Monday - BasePage - INFO : Clicked on element with the locator typeidwith the locator value : com.androidsample.generalstore:id/btnLetsShop
21/12/20 05:09:46 PM Monday - <module> - INFO : Launch app
21/12/20 05:09:47 PM Monday - BasePage - INFO : Screenshot is saved on ../screenshots/app_21_12_20_17_09_46.png
21/12/20 05:09:51 PM Monday - BasePage - INFO : Clicked on element with the locator typeidwith the locator value : com.androidsample.generalstore:id/nameField
21/12/20 05:09:52 PM Monday - BasePage - INFO : Clicked on element with the locator typeidwith the locator value : com.androidsample.generalstore:id/radioFemale
21/12/20 05:09:52 PM Monday - BasePage - INFO : Clicked on element with the locator typeidwith the locator value : com.androidsample.generalstore:id/btnLetsShop
21/12/20 05:10:37 PM Monday - <module> - INFO : Launch app
21/12/20 05:10:38 PM Monday - BasePage - INFO : Screenshot is saved on ../screenshots/app_21_12_20_17_10_37.png
21/12/20 05:10:41 PM Monday - BasePage - INFO : Clicked on element with the locator typeidwith the locator value : com.androidsample.generalstore:id/spinnerCountry
21/12/20 05:10:54 PM Monday - BasePage - INFO : Element not clickable with locator typetextwith the locator valueIndia
21/12/20 05:10:54 PM Monday - BasePage - INFO : Element not clickable with locator typeidwith the locator valuecom.androidsample.generalstore:id/nameField
21/12/20 05:10:54 PM Monday - BasePage - INFO : Element not clickable with locator typeidwith the locator valuecom.androidsample.generalstore:id/radioFemale
21/12/20 05:10:54 PM Monday - BasePage - INFO : Element not clickable with locator typeidwith the locator valuecom.androidsample.generalstore:id/btnLetsShop
21/12/20 05:13:22 PM Monday - <module> - INFO : Launch app
21/12/20 05:13:22 PM Monday - BasePage - INFO : Screenshot is saved on ../screenshots/app_21_12_20_17_13_22.png
21/12/20 05:13:27 PM Monday - BasePage - INFO : Clicked on element with the locator typeidwith the locator value : com.androidsample.generalstore:id/spinnerCountry
21/12/20 05:14:07 PM Monday - BasePage - INFO : Element not clickable with locator typetextwith the locator valueIndia
21/12/20 05:15:12 PM Monday - BasePage - INFO : Element not clickable with locator typeidwith the locator valuecom.androidsample.generalstore:id/nameField
21/12/20 05:15:38 PM Monday - BasePage - INFO : Element not clickable with locator typeidwith the locator valuecom.androidsample.generalstore:id/radioFemale
21/12/20 05:16:04 PM Monday - BasePage - INFO : Element not clickable with locator typeidwith the locator valuecom.androidsample.generalstore:id/btnLetsShop
21/12/20 05:18:36 PM Monday - <module> - INFO : Launch app
21/12/20 05:18:37 PM Monday - BasePage - INFO : Screenshot is saved on ../screenshots/app_21_12_20_17_18_36.png
21/12/20 05:18:40 PM Monday - BasePage - INFO : Clicked on element with the locator typeidwith the locator value : com.androidsample.generalstore:id/spinnerCountry
21/12/20 05:19:20 PM Monday - BasePage - INFO : Element not clickable with locator typetextwith the locator valueIndia
21/12/20 05:19:21 PM Monday - BasePage - INFO : Clicked on element with the locator typetextwith the locator value : India
21/12/20 05:20:02 PM Monday - BasePage - INFO : Clicked on element with the locator typeidwith the locator value : com.androidsample.generalstore:id/nameField
21/12/20 05:20:02 PM Monday - BasePage - INFO : Clicked on element with the locator typeidwith the locator value : com.androidsample.generalstore:id/radioFemale
21/12/20 05:20:03 PM Monday - BasePage - INFO : Clicked on element with the locator typeidwith the locator value : com.androidsample.generalstore:id/btnLetsShop
